<?xml version="1.0" encoding="UTF-8"?>
<!-- Generated by org.testng.reporters.JUnitReportReporter -->
<testsuite skipped="0" hostname="Mahaprabhu-kandhan" name="com.test.Sample" tests="7" failures="0" timestamp="27 Oct 2022 16:23:26 GMT" time="10.937" errors="0">
  <testcase name="login" time="4.054" classname="com.test.Sample"/>
  <testcase name="getStateId" time="1.250" classname="com.test.Sample"/>
  <testcase name="getCityId" time="1.929" classname="com.test.Sample"/>
  <testcase name="addUserAddress" time="0.946" classname="com.test.Sample"/>
  <testcase name="UpdateUserAddress" time="0.776" classname="com.test.Sample"/>
  <testcase name="deleteUSerAddress" time="1.070" classname="com.test.Sample"/>
  <testcase name="getUserAddress" time="0.912" classname="com.test.Sample"/>
</testsuite> <!-- com.test.Sample -->
